<?xml version="1.0" encoding="UTF-8"?>
<!-- Generated by org.testng.reporters.JUnitReportReporter -->
<testsuite hostname="master" failures="0" tests="6" name="com.test.LoginTest" time="35.433" errors="0" timestamp="2021-09-05T19:01:47 EDT" skipped="0">
  <testcase classname="com.test.LoginTest" name="loginTest" time="5.547"/>
  <system-out/>
  <testcase classname="com.test.LoginTest" name="loginTest" time="6.096"/>
  <system-out/>
  <testcase classname="com.test.LoginTest" name="loginTest" time="8.876"/>
  <system-out/>
  <testcase classname="com.test.LoginTest" name="loginTest" time="3.848"/>
  <system-out/>
  <testcase classname="com.test.LoginTest" name="loginTest" time="3.457"/>
  <system-out/>
  <testcase classname="com.test.LoginTest" name="loginTest" time="7.609"/>
  <system-out/>
</testsuite> <!-- com.test.LoginTest -->
