<?xml version="1.0" encoding="UTF-8"?>
<!-- Generated by org.testng.reporters.JUnitReportReporter -->
<testsuite hostname="master.lan" failures="0" tests="1" name="com.test.Loop" time="0.009" errors="0" timestamp="2021-09-04T14:41:04 EDT" skipped="0">
  <testcase classname="com.test.Loop" name="testCaseOne" time="0.009"/>
  <system-out/>
</testsuite> <!-- com.test.Loop -->
